<?xml version="1.0" encoding="UTF-8"?>
<!-- Generated by org.testng.reporters.JUnitReportReporter -->
<testsuite skipped="0" hostname="DESKTOP-2VFFO01" name="testPackage.AppTest" tests="1" failures="0" timestamp="2020-01-04T23:30:44 IST" time="0.013" errors="0">
  <testcase name="test" time="0.013" classname="testPackage.AppTest"/>
</testsuite> <!-- testPackage.AppTest -->
